<?xml version="1.0" encoding="UTF-8"?>
<!-- Generated by org.testng.reporters.JUnitReportReporter -->
<testsuite hostname="NEENA" failures="0" tests="1" name="March23.sample" time="0.008" errors="0" timestamp="2024-03-23T20:03:42 EDT" skipped="0">
  <testcase classname="March23.sample" name="testa" time="0.008"/>
  <system-out>
    <![CDATA[Hi]]>
  </system-out>
</testsuite> <!-- March23.sample -->
