<?xml version="1.0" encoding="UTF-8"?>
<!-- Generated by org.testng.reporters.JUnitReportReporter -->
<testsuite hostname="NEENA" failures="0" tests="1" name="March23.SampleTestNG" time="0.009" errors="0" timestamp="2024-03-23T19:59:18 EDT" skipped="0">
  <testcase classname="March23.SampleTestNG" name="test" time="0.009"/>
  <system-out>
    <![CDATA[Hello]]>
  </system-out>
</testsuite> <!-- March23.SampleTestNG -->
