<?xml version="1.0" encoding="UTF-8"?>
<!-- Generated by org.testng.reporters.JUnitReportReporter -->
<testsuite hostname="NEENA" failures="0" tests="3" name="April08.DemoA" time="0.013" errors="0" timestamp="2024-04-08T18:17:33 EDT" skipped="0">
  <testcase classname="April08.DemoA" name="testA" time="0.012"/>
  <system-out>
    <![CDATA[This is from testA]]>
  </system-out>
  <testcase classname="April08.DemoA" name="testA" time="0.001"/>
  <system-out>
    <![CDATA[This is from testA]]>
  </system-out>
  <testcase classname="April08.DemoA" name="testA" time="0.000"/>
  <system-out>
    <![CDATA[This is from testA]]>
  </system-out>
</testsuite> <!-- April08.DemoA -->
