<?xml version="1.0" encoding="UTF-8"?>
<!-- Generated by org.testng.reporters.JUnitReportReporter -->
<testsuite hostname="NEENA" failures="0" tests="1" name="April08.ClassC" time="0.012" errors="0" timestamp="2024-04-08T18:14:38 EDT" skipped="0">
  <testcase classname="April08.ClassC" name="testC" time="0.012"/>
  <system-out>
    <![CDATA[This is from testC]]>
  </system-out>
</testsuite> <!-- April08.ClassC -->
