<?xml version="1.0" encoding="UTF-8"?>
<!-- Generated by org.testng.reporters.JUnitReportReporter -->
<testsuite hostname="NEENA" failures="0" tests="1" name="April08.ClassA" time="0.002" errors="0" timestamp="2024-04-08T18:14:38 EDT" skipped="0">
  <testcase classname="April08.ClassA" name="testA" time="0.002"/>
  <system-out>
    <![CDATA[This is from testA]]>
  </system-out>
</testsuite> <!-- April08.ClassA -->
